Detecting C [-std=c11] compiler features failed to compile with the following output:
Change Dir: /home/yuzo-san/CLionProjects/Problem_Solving/Codeforces/Codeforces_Round_#429_Div_2/B_Godsend/cmake-build-debug/CMakeFiles/CMakeTmp

Run Build Command:"/usr/bin/gmake" "cmTC_8e034/fast"
/usr/bin/gmake -f CMakeFiles/cmTC_8e034.dir/build.make CMakeFiles/cmTC_8e034.dir/build
gmake[1]: Entering directory '/home/yuzo-san/CLionProjects/Problem_Solving/Codeforces/Codeforces_Round_#429_Div_2/B_Godsend/cmake-build-debug/CMakeFiles/CMakeTmp'
gmake[1]: *** No rule to make target '/home/yuzo-san/CLionProjects/Problem_Solving/Codeforces/Codeforces_Round_', needed by 'CMakeFiles/cmTC_8e034.dir/feature_tests.c.o'.  Stop.
gmake[1]: Leaving directory '/home/yuzo-san/CLionProjects/Problem_Solving/Codeforces/Codeforces_Round_#429_Div_2/B_Godsend/cmake-build-debug/CMakeFiles/CMakeTmp'
gmake: *** [Makefile:126: cmTC_8e034/fast] Error 2



Detecting CXX [-std=c++1z] compiler features failed to compile with the following output:
Change Dir: /home/yuzo-san/CLionProjects/Problem_Solving/Codeforces/Codeforces_Round_#429_Div_2/B_Godsend/cmake-build-debug/CMakeFiles/CMakeTmp

Run Build Command:"/usr/bin/gmake" "cmTC_1b207/fast"
/usr/bin/gmake -f CMakeFiles/cmTC_1b207.dir/build.make CMakeFiles/cmTC_1b207.dir/build
gmake[1]: Entering directory '/home/yuzo-san/CLionProjects/Problem_Solving/Codeforces/Codeforces_Round_#429_Div_2/B_Godsend/cmake-build-debug/CMakeFiles/CMakeTmp'
gmake[1]: *** No rule to make target '/home/yuzo-san/CLionProjects/Problem_Solving/Codeforces/Codeforces_Round_', needed by 'CMakeFiles/cmTC_1b207.dir/feature_tests.cxx.o'.  Stop.
gmake[1]: Leaving directory '/home/yuzo-san/CLionProjects/Problem_Solving/Codeforces/Codeforces_Round_#429_Div_2/B_Godsend/cmake-build-debug/CMakeFiles/CMakeTmp'
gmake: *** [Makefile:126: cmTC_1b207/fast] Error 2



